12:22:00        0   3294504    0.00    0.00    0.00    0.00    0.00     9  APP_STARTED
12:22:01        0   3294504    0.00    0.00    0.00    0.00    0.00     9  APP_STARTED
12:22:02        0   3294504    0.00    0.00    0.00    0.00    0.00     9  APP_STARTED
12:22:03        0   3294504    0.00    0.00    0.00    0.00    0.00     9  APP_STARTED
12:22:04        0   3294504    0.00    0.00    0.00    0.00    0.00     9  APP_STARTED
12:22:05        0   3294504    0.00    0.00    0.00    0.00    0.00     9  APP_STARTED
12:22:06        0   3294504    0.00    0.00    0.00    0.00    0.00     9  APP_STARTED
12:22:07        0   3294504    0.00    0.00    0.00    0.00    0.00     9  APP_STARTED
12:22:08        0   3294504    0.00    0.00    0.00    0.00    0.00     9  APP_STARTED
12:22:09        0   3294504    0.00    0.00    0.00    0.00    0.00     9  APP_STARTED
12:22:10        0   3294504  294.00   50.00    0.00    0.00  344.00     9  IPERF3_RUNNING
12:22:11        0   3294504  508.00   85.00    0.00    0.00  593.00     9  IPERF3_RUNNING
12:22:12        0   3294504  507.00   85.00    0.00    0.00  592.00     9  IPERF3_RUNNING
12:22:13        0   3294504  508.00   84.00    0.00    0.00  592.00     9  IPERF3_RUNNING
12:22:14        0   3294504  507.00   85.00    0.00    0.00  592.00     9  IPERF3_RUNNING
12:22:15        0   3294504  506.00   86.00    0.00    0.00  592.00     9  IPERF3_RUNNING
12:22:16        0   3294504  505.00   87.00    0.00    0.00  592.00     9  IPERF3_RUNNING
12:22:17        0   3294504  506.00   85.00    0.00    0.00  591.00     9  IPERF3_RUNNING
12:22:18        0   3294504  506.00   85.00    0.00    0.00  591.00     9  IPERF3_RUNNING
12:22:19        0   3294504  506.00   86.00    0.00    0.00  592.00     9  IPERF3_RUNNING
12:22:20        0   3294504  504.00   88.00    0.00    0.00  592.00     9  IPERF3_RUNNING
12:22:21        0   3294504  509.00   82.00    0.00    0.00  591.00     9  IPERF3_RUNNING
12:22:22        0   3294504  506.00   85.00    0.00    0.00  591.00     9  IPERF3_RUNNING
12:22:23        0   3294504  507.00   85.00    0.00    0.00  592.00     9  IPERF3_RUNNING
12:22:24        0   3294504  505.00   87.00    0.00    0.00  592.00     9  IPERF3_RUNNING
12:22:25        0   3294504  506.00   87.00    0.00    0.00  593.00     9  IPERF3_RUNNING
12:22:26        0   3294504  506.00   86.00    0.00    0.00  592.00     9  IPERF3_RUNNING
12:22:27        0   3294504  507.00   84.00    0.00    0.00  591.00     9  IPERF3_RUNNING
12:22:28        0   3294504  507.00   85.00    0.00    0.00  592.00     9  IPERF3_RUNNING
12:22:29        0   3294504  509.00   82.00    0.00    0.00  591.00     9  IPERF3_RUNNING
12:22:30        0   3294504  509.00   82.00    0.00    0.00  591.00     9  IPERF3_RUNNING
12:22:31        0   3294504  507.00   84.00    0.00    0.00  591.00     9  IPERF3_RUNNING
12:22:32        0   3294504  503.00   89.00    0.00    0.00  592.00     9  IPERF3_RUNNING
12:22:33        0   3294504  508.00   84.00    0.00    0.00  592.00     9  IPERF3_RUNNING
12:22:34        0   3294504  508.00   84.00    0.00    0.00  592.00     9  IPERF3_RUNNING
12:22:35        0   3294504  505.00   86.00    0.00    0.00  591.00     9  IPERF3_RUNNING
12:22:36        0   3294504  506.00   84.00    0.00    0.00  590.00     9  IPERF3_RUNNING
12:22:37        0   3294504  505.00   85.00    0.00    0.00  590.00     9  IPERF3_RUNNING
12:22:38        0   3294504  508.00   84.00    0.00    0.00  592.00     9  IPERF3_RUNNING
12:22:39        0   3294504  506.00   85.00    0.00    0.00  591.00     9  IPERF3_RUNNING
12:22:40        0   3294504  396.00   38.00    0.00    0.00  434.00     9  IPERF3_END
12:22:41        0   3294504  300.00    0.00    0.00    0.00  300.00     9  IPERF3_END
12:22:42        0   3294504  300.00    0.00    0.00    0.00  300.00     9  IPERF3_END
12:22:43        0   3294504  300.00    0.00    0.00    0.00  300.00     9  IPERF3_END
12:22:44        0   3294504  300.00    0.00    0.00    0.00  300.00     9  IPERF3_END
12:22:45        0   3294504  172.00    0.00    0.00    0.00  172.00     9  IPERF3_END