14:18:00     CPU    %usr   %nice    %sys %iowait    %irq   %soft  %steal  %guest  %gnice   %idle
14:18:01     all    0.01    0.00    0.01    0.00    0.00    0.00    0.00    0.00    0.00   99.98   IDLE
14:18:02     all    0.02    0.00    0.01    0.00    0.00    0.00    0.00    0.00    0.00   99.97   IDLE
14:18:03     all    0.01    0.00    0.00    0.00    0.00    0.00    0.00    0.00    0.00   99.99   IDLE
14:18:04     all    0.00    0.00    0.01    0.00    0.00    0.00    0.00    0.00    0.00   99.99   IDLE
14:18:05     all    0.01    0.00    0.09    0.00    0.00    0.00    0.00    0.00    0.00   99.90   IDLE
14:18:06     all    0.01    0.00    0.03    0.00    0.00    0.00    0.00    0.00    0.00   99.96   IDLE
14:18:07     all    0.00    0.00    0.01    0.00    0.00    0.00    0.00    0.00    0.00   99.99   IDLE
14:18:08     all    0.00    0.00    0.01    0.00    0.00    0.00    0.00    0.00    0.00   99.99   IDLE
14:18:09     all    0.00    0.00    0.01    0.00    0.00    0.00    0.00    0.00    0.00   99.99   IDLE
14:18:10     all    0.03    0.00    0.05    0.00    0.00    0.00    0.00    0.00    0.00   99.92   APP_RUNNING
14:18:11     all    0.02    0.00    0.01    0.00    0.00    0.00    0.00    0.00    0.00   99.97   APP_RUNNING
14:18:12     all    0.02    0.00    0.08    0.00    0.00    0.00    0.00    0.00    0.00   99.90   APP_RUNNING
14:18:13     all    0.01    0.00    0.01    0.00    0.00    0.00    0.00    0.00    0.00   99.98   APP_RUNNING
14:18:14     all    0.01    0.00    0.01    0.00    0.00    0.00    0.00    0.00    0.00   99.98   APP_RUNNING
14:18:15     all    0.01    0.00    0.03    0.00    0.00    0.00    0.00    0.00    0.00   99.96   APP_RUNNING
14:18:16     all    0.00    0.00    0.00    0.00    0.00    0.00    0.00    0.00    0.00  100.00   APP_RUNNING
14:18:17     all    0.01    0.00    0.00    0.00    0.00    0.00    0.00    0.00    0.00   99.99   APP_RUNNING
14:18:18     all    0.00    0.00    0.00    0.00    0.00    0.00    0.00    0.00    0.00  100.00   APP_RUNNING
14:18:19     all    0.00    0.00    0.00    0.00    0.00    0.00    0.00    0.00    0.00  100.00   APP_RUNNING
14:18:20     all    0.03    0.00    0.06    0.00    0.00    0.00    0.00    0.00    0.00   99.91   APP_RUNNING
14:18:21     all    0.01    0.00    0.02    0.00    0.00    0.00    0.00    0.00    0.00   99.97   APP_RUNNING
14:18:22     all    0.01    0.00    0.06    0.00    0.00    0.00    0.00    0.00    0.00   99.93   APP_RUNNING
14:18:23     all    0.01    0.00    0.00    0.00    0.00    0.00    0.00    0.00    0.00   99.99   APP_RUNNING
14:18:24     all    0.00    0.00    0.00    0.00    0.00    0.00    0.00    0.00    0.00  100.00   APP_RUNNING
14:18:25     all    0.01    0.00    0.05    0.00    0.00    0.00    0.00    0.00    0.00   99.94   APP_RUNNING
14:18:26     all    0.00    0.00    0.01    0.00    0.00    0.00    0.00    0.00    0.00   99.99   APP_RUNNING
14:18:27     all    0.00    0.00    0.00    0.00    0.00    0.00    0.00    0.00    0.00  100.00   APP_RUNNING
14:18:28     all    0.00    0.00    0.00    0.00    0.00    0.00    0.00    0.00    0.00  100.00   APP_RUNNING
14:18:29     all    0.01    0.00    0.00    0.00    0.00    0.00    0.00    0.00    0.00   99.99   APP_RUNNING
14:18:30     all    0.00    0.00    0.05    0.00    0.00    0.00    0.00    0.00    0.00   99.95   APP_RUNNING
14:18:31     all    3.34    0.00    1.15    0.00    0.00    0.21    0.00    0.00    0.00   95.30   IPERF_RUNNING
14:18:32     all    5.29    0.00    1.85    0.00    0.00    0.43    0.00    0.00    0.00   92.43   IPERF_RUNNING
14:18:33     all    5.23    0.00    1.82    0.00    0.00    0.49    0.00    0.00    0.00   92.47   IPERF_RUNNING
14:18:34     all    5.26    0.00    1.73    0.00    0.00    0.45    0.00    0.00    0.00   92.56   IPERF_RUNNING
14:18:35     all    5.28    0.00    1.81    0.00    0.00    0.37    0.00    0.00    0.00   92.54   IPERF_RUNNING
14:18:36     all    5.25    0.00    1.75    0.00    0.00    0.45    0.00    0.00    0.00   92.56   IPERF_RUNNING
14:18:37     all    5.29    0.00    1.82    0.00    0.00    0.43    0.00    0.00    0.00   92.47   IPERF_RUNNING
14:18:38     all    5.22    0.00    1.73    0.00    0.00    0.49    0.00    0.00    0.00   92.55   IPERF_RUNNING
14:18:39     all    5.25    0.00    1.79    0.00    0.00    0.48    0.00    0.00    0.00   92.48   IPERF_RUNNING
14:18:40     all    5.26    0.00    1.73    0.00    0.00    0.27    0.00    0.00    0.00   92.74   IPERF_RUNNING
14:18:41     all    5.26    0.00    1.84    0.00    0.00    0.28    0.00    0.00    0.00   92.61   IPERF_RUNNING
14:18:42     all    5.28    0.00    1.83    0.00    0.00    0.37    0.00    0.00    0.00   92.52   IPERF_RUNNING
14:18:43     all    5.27    0.00    1.75    0.00    0.00    0.43    0.00    0.00    0.00   92.56   IPERF_RUNNING
14:18:44     all    5.26    0.00    1.68    0.00    0.00    0.48    0.00    0.00    0.00   92.58   IPERF_RUNNING
14:18:45     all    5.25    0.00    1.81    0.00    0.00    0.50    0.00    0.00    0.00   92.44   IPERF_RUNNING
14:18:46     all    5.25    0.00    1.77    0.00    0.00    0.45    0.00    0.00    0.00   92.54   IPERF_RUNNING
14:18:47     all    5.28    0.00    1.77    0.00    0.00    0.46    0.00    0.00    0.00   92.50   IPERF_RUNNING
14:18:48     all    5.22    0.00    1.75    0.00    0.00    0.55    0.00    0.00    0.00   92.47   IPERF_RUNNING
14:18:49     all    5.25    0.00    1.74    0.00    0.00    0.53    0.00    0.00    0.00   92.48   IPERF_RUNNING
14:18:50     all    5.23    0.00    1.85    0.00    0.00    0.53    0.00    0.00    0.00   92.39   IPERF_RUNNING
14:18:51     all    5.26    0.00    1.85    0.00    0.00    0.46    0.00    0.00    0.00   92.44   IPERF_RUNNING
14:18:52     all    5.30    0.00    1.83    0.00    0.00    0.42    0.00    0.00    0.00   92.46   IPERF_RUNNING
14:18:53     all    5.25    0.00    1.68    0.00    0.00    0.44    0.00    0.00    0.00   92.63   IPERF_RUNNING
14:18:54     all    5.29    0.00    1.75    0.00    0.00    0.32    0.00    0.00    0.00   92.64   IPERF_RUNNING
14:18:55     all    5.24    0.00    1.82    0.00    0.00    0.42    0.00    0.00    0.00   92.52   IPERF_RUNNING
14:18:56     all    5.25    0.00    1.69    0.00    0.00    0.43    0.00    0.00    0.00   92.64   IPERF_RUNNING
14:18:57     all    5.29    0.00    1.76    0.00    0.00    0.27    0.00    0.00    0.00   92.68   IPERF_RUNNING
14:18:58     all    5.22    0.00    1.84    0.00    0.00    0.48    0.00    0.00    0.00   92.46   IPERF_RUNNING
14:18:59     all    5.29    0.00    1.76    0.00    0.00    0.19    0.00    0.00    0.00   92.76   IPERF_RUNNING
14:19:00     all    5.25    0.00    1.73    0.00    0.00    0.52    0.00    0.00    0.00   92.49   IPERF_RUNNING
14:19:01     all    3.98    0.00    0.68    0.00    0.00    0.37    0.00    0.00    0.00   94.97   IPERF3_STOP
14:19:02     all    3.17    0.00    0.17    0.00    0.00    0.17    0.00    0.00    0.00   96.50   IPERF3_STOP
14:19:03     all    3.13    0.00    0.04    0.00    0.00    0.27    0.00    0.00    0.00   96.56   IPERF3_STOP
14:19:04     all    3.13    0.00    0.00    0.00    0.00    0.30    0.00    0.00    0.00   96.57   IPERF3_STOP
14:19:05     all    3.12    0.00    0.00    0.00    0.00    0.35    0.00    0.00    0.00   96.52   IPERF3_STOP
14:19:06     all    3.13    0.00    0.00    0.00    0.00    0.28    0.00    0.00    0.00   96.59   IPERF3_STOP
14:19:07     all    3.18    0.00    0.07    0.00    0.00    0.24    0.00    0.00    0.00   96.51   IPERF3_STOP
14:19:08     all    3.14    0.00    0.08    0.00    0.00    0.24    0.00    0.00    0.00   96.54   IPERF3_STOP
14:19:09     all    3.12    0.00    0.04    0.00    0.00    0.35    0.00    0.00    0.00   96.48   IPERF3_STOP
14:19:10     all    3.11    0.00    0.02    0.00    0.00    0.38    0.00    0.00    0.00   96.48   IPERF3_STOP
14:19:11     all    3.12    0.00    0.02    0.00    0.00    0.31    0.00    0.00    0.00   96.55   IPERF3_STOP
14:19:12     all    3.12    0.00    0.06    0.00    0.00    0.11    0.00    0.00    0.00   96.70   IPERF3_STOP
14:19:13     all    3.14    0.00    0.06    0.00    0.00    0.00    0.00    0.00    0.00   96.80   IPERF3_STOP
14:19:14     all    3.14    0.00    0.00    0.00    0.00    0.00    0.00    0.00    0.00   96.86   IPERF3_STOP
14:19:15     all    3.13    0.00    0.00    0.00    0.00    0.00    0.00    0.00    0.00   96.87   IPERF3_STOP
14:19:16     all    3.14    0.00    0.00    0.00    0.00    0.00    0.00    0.00    0.00   96.86   IPERF3_STOP
14:19:17     all    3.14    0.00    0.04    0.00    0.00    0.00    0.00    0.00    0.00   96.82   IPERF3_STOP
14:19:18     all    3.18    0.00    0.07    0.00    0.00    0.00    0.00    0.00    0.00   96.75   IPERF3_STOP
14:19:19     all    3.13    0.00    0.00    0.00    0.00    0.00    0.00    0.00    0.00   96.87   IPERF3_STOP
14:19:20     all    3.14    0.00    0.01    0.00    0.00    0.00    0.00    0.00    0.00   96.85   IPERF3_STOP
14:19:21     all    1.52    0.00    0.00    0.00    0.00    0.00    0.00    0.00    0.00   98.48   APP_STOP
14:19:22     all    0.02    0.00    0.05    0.00    0.00    0.00    0.00    0.00    0.00   99.93   APP_STOP
14:19:23     all    0.01    0.00    0.07    0.00    0.00    0.00    0.00    0.00    0.00   99.92   APP_STOP
14:19:24     all    0.01    0.00    0.01    0.00    0.00    0.00    0.00    0.00    0.00   99.98   APP_STOP
14:19:25     all    0.00    0.00    0.00    0.00    0.00    0.00    0.00    0.00    0.00  100.00   APP_STOP
14:19:26     all    0.01    0.00    0.01    0.00    0.00    0.00    0.00    0.00    0.00   99.98   APP_STOP
14:19:27     all    0.01    0.00    0.01    0.00    0.00    0.00    0.00    0.00    0.00   99.98   APP_STOP
14:19:28     all    0.01    0.00    0.04    0.00    0.00    0.00    0.00    0.00    0.00   99.95   APP_STOP
14:19:29     all    0.02    0.00    0.01    0.00    0.00    0.00    0.00    0.00    0.00   99.97   APP_STOP
14:19:30     all    0.00    0.00    0.00    0.00    0.00    0.00    0.00    0.00    0.00  100.00   APP_STOP
14:19:31     all    0.00    0.00    0.01    0.00    0.00    0.00    0.00    0.00    0.00   99.99   APP_STOP
