12:37:07     1002   3298137    0.00   77.00    0.00    0.00   77.00     9  iperf3   IPERF3_RUNNING
12:37:08     1002   3298137    1.00   83.00    0.00    0.00   84.00     9  iperf3   IPERF3_RUNNING
12:37:09     1002   3298137    0.00   83.00    0.00    0.00   83.00     9  iperf3   IPERF3_RUNNING
12:37:10     1002   3298137    1.00   80.00    0.00    0.00   81.00     9  iperf3   IPERF3_RUNNING
12:37:11     1002   3298137    1.00   87.00    0.00    0.00   88.00     9  iperf3   IPERF3_RUNNING
12:37:12     1002   3298137    0.00   80.00    0.00    0.00   80.00     9  iperf3   IPERF3_RUNNING
12:37:13     1002   3298137    0.00   80.00    0.00    0.00   80.00     9  iperf3   IPERF3_RUNNING
12:37:14     1002   3298137    1.00   66.00    0.00    0.00   67.00     9  iperf3   IPERF3_RUNNING
12:37:15     1002   3298137    0.00   84.00    0.00    0.00   84.00     9  iperf3   IPERF3_RUNNING
12:37:16     1002   3298137    1.00   61.00    0.00    0.00   62.00     9  iperf3   IPERF3_RUNNING
12:37:17     1002   3298137    0.00   66.00    0.00    0.00   66.00     9  iperf3   IPERF3_RUNNING
12:37:18     1002   3298137    1.00   68.00    0.00    0.00   69.00     9  iperf3   IPERF3_RUNNING
12:37:19     1002   3298137    0.00   82.00    0.00    0.00   82.00     9  iperf3   IPERF3_RUNNING
12:37:20     1002   3298137    0.00   76.00    0.00    0.00   76.00     9  iperf3   IPERF3_RUNNING
12:37:21     1002   3298137    1.00   83.00    0.00    0.00   84.00     9  iperf3   IPERF3_RUNNING
12:37:22     1002   3298137    0.00   80.00    0.00    0.00   80.00     9  iperf3   IPERF3_RUNNING
12:37:23     1002   3298137    1.00   77.00    0.00    0.00   78.00     9  iperf3   IPERF3_RUNNING
12:37:24     1002   3298137    0.00   78.00    0.00    0.00   78.00     9  iperf3   IPERF3_RUNNING
12:37:25     1002   3298137    1.00   80.00    0.00    0.00   81.00     9  iperf3   IPERF3_RUNNING
12:37:26     1002   3298137    0.00   79.00    0.00    0.00   79.00     9  iperf3   IPERF3_RUNNING
12:37:27     1002   3298137    1.00   80.00    0.00    0.00   81.00     9  iperf3   IPERF3_RUNNING
12:37:28     1002   3298137    0.00   83.00    0.00    0.00   83.00     9  iperf3   IPERF3_RUNNING
12:37:29     1002   3298137    0.00   76.00    0.00    0.00   76.00     9  iperf3   IPERF3_RUNNING
12:37:30     1002   3298137    0.00   82.00    0.00    0.00   82.00     9  iperf3   IPERF3_RUNNING
12:37:31     1002   3298137    1.00   79.00    0.00    0.00   80.00     9  iperf3   IPERF3_RUNNING
12:37:32     1002   3298137    1.00   81.00    0.00    0.00   82.00     9  iperf3   IPERF3_RUNNING
12:37:33     1002   3298137    0.00   83.00    0.00    0.00   83.00    10  iperf3   IPERF3_RUNNING
12:37:34     1002   3298137    0.00   74.00    0.00    0.00   74.00    10  iperf3   IPERF3_RUNNING
12:37:35     1002   3298137    0.00   79.00    0.00    0.00   79.00    10  iperf3   IPERF3_RUNNING
12:37:36     1002   3298137    1.00   78.00    0.00    0.00   79.00    10  iperf3   IPERF3_RUNNING