15:30:29     CPU    %usr   %nice    %sys %iowait    %irq   %soft  %steal  %guest  %gnice   %idle
15:30:30     all    0.00    0.00    0.01    0.00    0.00    0.00    0.00    0.00    0.00   99.99   IDLE
15:30:31     all    0.02    0.00    0.07    0.00    0.00    0.00    0.00    0.00    0.00   99.91   IDLE
15:30:32     all    0.00    0.00    0.01    0.00    0.00    0.00    0.00    0.00    0.00   99.99   IDLE
15:30:33     all    0.00    0.00    0.00    0.00    0.00    0.00    0.00    0.00    0.00  100.00   IDLE
15:30:34     all    0.00    0.00    0.02    0.00    0.00    0.00    0.00    0.00    0.00   99.98   IDLE
15:30:35     all    0.00    0.00    0.01    0.00    0.00    0.00    0.00    0.00    0.00   99.99   IDLE
15:30:36     all    0.02    0.00    0.06    0.00    0.00    0.00    0.00    0.00    0.00   99.92   IDLE
15:30:37     all    0.00    0.00    0.01    0.00    0.00    0.00    0.00    0.00    0.00   99.99   IDLE
15:30:38     all    0.01    0.00    0.00    0.00    0.00    0.00    0.00    0.00    0.00   99.99   IDLE
15:30:39     all    0.00    0.00    0.00    0.00    0.00    0.00    0.00    0.00    0.00  100.00   IDLE
15:30:40     all    0.00    0.00    0.00    0.00    0.00    0.00    0.00    0.00    0.00  100.00   IDLE
15:30:41     all    0.00    0.00    0.05    0.00    0.00    0.00    0.00    0.00    0.00   99.95   IDLE
15:30:42     all    0.01    0.00    0.01    0.00    0.00    0.00    0.00    0.00    0.00   99.98   IDLE
15:30:43     all    0.00    0.00    0.00    0.00    0.00    0.00    0.00    0.00    0.00  100.00   IDLE
15:30:44     all    0.01    0.00    0.01    0.00    0.00    0.00    0.00    0.00    0.00   99.98   IDLE
15:30:45     all    0.00    0.00    0.00    0.00    0.00    0.00    0.00    0.00    0.00  100.00   IDLE
15:30:46     all    0.01    0.00    0.05    0.00    0.00    0.00    0.00    0.00    0.00   99.94   IDLE
15:30:47     all    0.00    0.00    0.00    0.00    0.00    0.00    0.00    0.00    0.00  100.00   IDLE
15:30:48     all    0.00    0.00    0.01    0.00    0.00    0.00    0.00    0.00    0.00   99.99   IDLE
15:30:49     all    0.00    0.00    0.01    0.00    0.00    0.00    0.00    0.00    0.00   99.99   IDLE
15:30:50     all    0.00    0.00    0.01    0.00    0.00    0.00    0.00    0.00    0.00   99.99   IDLE
15:30:51     all    0.02    0.00    0.07    0.00    0.00    0.00    0.00    0.00    0.00   99.91   IDLE
15:30:52     all    0.00    0.00    0.01    0.00    0.00    0.01    0.00    0.00    0.00   99.98   IDLE
15:30:53     all    0.03    0.00    0.03    0.00    0.00    0.00    0.00    0.00    0.00   99.94   IDLE
15:30:54     all    0.01    0.00    0.02    0.00    0.00    0.00    0.00    0.00    0.00   99.97   IDLE
15:30:55     all    0.00    0.00    0.00    0.00    0.00    0.00    0.00    0.00    0.00  100.00   IDLE
15:30:56     all    0.02    0.00    0.04    0.00    0.00    0.00    0.00    0.00    0.00   99.94   IDLE
15:30:57     all    0.00    0.00    0.00    0.00    0.00    0.00    0.00    0.00    0.00  100.00   IDLE
15:30:58     all    0.00    0.00    0.03    0.00    0.00    0.00    0.00    0.00    0.00   99.97   IDLE
15:30:59     all    0.00    0.00    0.01    0.00    0.00    0.00    0.00    0.00    0.00   99.99   IPERF3_RUNNING
15:31:00     all    0.01    0.00    0.58    0.00    0.00    0.28    0.00    0.00    0.00   99.12   IPERF3_RUNNING
15:31:01     all    0.04    0.00    0.80    0.00    0.00    0.19    0.00    0.00    0.00   98.97   IPERF3_RUNNING
15:31:02     all    0.01    0.00    0.76    0.00    0.00    0.30    0.00    0.00    0.00   98.92   IPERF3_RUNNING
15:31:03     all    0.04    0.00    0.79    0.00    0.00    0.27    0.00    0.00    0.00   98.89   IPERF3_RUNNING
15:31:04     all    0.02    0.00    0.77    0.00    0.00    0.26    0.00    0.00    0.00   98.95   IPERF3_RUNNING
15:31:05     all    0.00    0.00    0.81    0.00    0.00    0.29    0.00    0.00    0.00   98.89   IPERF3_RUNNING
15:31:06     all    0.04    0.00    0.91    0.00    0.00    0.40    0.00    0.00    0.00   98.65   IPERF3_RUNNING
15:31:07     all    0.02    0.00    0.74    0.00    0.00    0.30    0.00    0.00    0.00   98.93   IPERF3_RUNNING
15:31:08     all    0.01    0.00    0.69    0.00    0.00    0.14    0.00    0.00    0.00   99.16   IPERF3_RUNNING
15:31:09     all    0.02    0.00    0.75    0.00    0.00    0.23    0.00    0.00    0.00   99.00   IPERF3_RUNNING
15:31:10     all    0.01    0.00    0.72    0.00    0.00    0.27    0.00    0.00    0.00   99.00   IPERF3_RUNNING
15:31:11     all    0.03    0.00    0.87    0.00    0.00    0.32    0.00    0.00    0.00   98.78   IPERF3_RUNNING
15:31:12     all    0.00    0.00    0.92    0.00    0.00    0.37    0.00    0.00    0.00   98.72   IPERF3_RUNNING
15:31:13     all    0.03    0.00    0.76    0.00    0.00    0.23    0.00    0.00    0.00   98.98   IPERF3_RUNNING
15:31:14     all    0.01    0.00    0.78    0.00    0.00    0.31    0.00    0.00    0.00   98.89   IPERF3_RUNNING
15:31:15     all    0.01    0.00    0.70    0.00    0.00    0.22    0.00    0.00    0.00   99.07   IPERF3_RUNNING
15:31:16     all    0.02    0.00    0.71    0.00    0.00    0.09    0.00    0.00    0.00   99.17   IPERF3_RUNNING
15:31:17     all    0.02    0.00    0.73    0.00    0.00    0.25    0.00    0.00    0.00   99.00   IPERF3_RUNNING
15:31:18     all    0.00    0.00    0.79    0.00    0.00    0.28    0.00    0.00    0.00   98.92   IPERF3_RUNNING
15:31:19     all    0.01    0.00    0.82    0.00    0.00    0.31    0.00    0.00    0.00   98.85   IPERF3_RUNNING
15:31:20     all    0.02    0.00    0.71    0.00    0.00    0.19    0.00    0.00    0.00   99.08   IPERF3_RUNNING
15:31:21     all    0.02    0.00    0.81    0.00    0.00    0.22    0.00    0.00    0.00   98.95   IPERF3_RUNNING
15:31:22     all    0.00    0.00    0.75    0.00    0.00    0.24    0.00    0.00    0.00   99.01   IPERF3_RUNNING
15:31:23     all    0.01    0.00    0.76    0.00    0.00    0.23    0.00    0.00    0.00   99.00   IPERF3_RUNNING
15:31:24     all    0.00    0.00    0.68    0.00    0.00    0.22    0.00    0.00    0.00   99.10   IPERF3_RUNNING
15:31:25     all    0.01    0.00    0.65    0.00    0.00    0.21    0.00    0.00    0.00   99.13   IPERF3_RUNNING
15:31:26     all    0.02    0.00    0.64    0.00    0.00    0.09    0.00    0.00    0.00   99.25   IPERF3_RUNNING
15:31:27     all    0.00    0.00    0.73    0.00    0.00    0.17    0.00    0.00    0.00   99.10   IPERF3_RUNNING
15:31:28     all    0.01    0.00    0.78    0.00    0.00    0.25    0.00    0.00    0.00   98.96   IPERF3_RUNNING
15:31:29     all    0.01    0.00    0.79    0.00    0.00    0.31    0.00    0.00    0.00   98.88   IPERF3_RUNNING
15:31:30     all    0.01    0.00    0.18    0.00    0.00    0.03    0.00    0.00    0.00   99.78   IDLE
15:31:31     all    0.06    0.00    0.10    0.00    0.00    0.00    0.00    0.00    0.00   99.83   IDLE
15:31:32     all    0.00    0.00    0.01    0.00    0.00    0.00    0.00    0.00    0.00   99.99   IDLE
15:31:33     all    0.03    0.00    0.06    0.00    0.00    0.00    0.00    0.00    0.00   99.91   IDLE
15:31:34     all    0.00    0.00    0.01    0.00    0.00    0.00    0.00    0.00    0.00   99.99   IDLE
15:31:35     all    0.00    0.00    0.01    0.00    0.00    0.00    0.00    0.00    0.00   99.99   IDLE
15:31:36     all    0.01    0.00    0.08    0.00    0.00    0.00    0.00    0.00    0.00   99.91   IDLE
15:31:37     all    0.01    0.00    0.00    0.00    0.00    0.00    0.00    0.00    0.00   99.99   IDLE
15:31:38     all    0.00    0.00    0.04    0.00    0.00    0.00    0.00    0.00    0.00   99.96   IDLE
15:31:39     all    0.00    0.00    0.01    0.00    0.00    0.00    0.00    0.00    0.00   99.99   IDLE
15:31:40     all    0.00    0.00    0.02    0.00    0.00    0.00    0.00    0.00    0.00   99.98   IDLE
15:31:41     all    0.02    0.00    0.07    0.00    0.00    0.00    0.00    0.00    0.00   99.91   IDLE
15:31:42     all    0.00    0.00    0.00    0.00    0.00    0.00    0.00    0.00    0.00  100.00   IDLE
15:31:43     all    0.00    0.00    0.01    0.00    0.00    0.00    0.00    0.00    0.00   99.99   IDLE
15:31:44     all    0.00    0.00    0.01    0.00    0.00    0.00    0.00    0.00    0.00   99.99   IDLE
15:31:45     all    0.00    0.00    0.00    0.00    0.00    0.00    0.00    0.00    0.00  100.00   IDLE
15:31:46     all    0.00    0.00    0.03    0.00    0.00    0.00    0.00    0.00    0.00   99.97   IDLE
15:31:47     all    0.01    0.00    0.02    0.00    0.00    0.00    0.00    0.00    0.00   99.97   IDLE
15:31:48     all    0.00    0.00    0.00    0.00    0.00    0.00    0.00    0.00    0.00  100.00   IDLE
15:31:49     all    0.00    0.00    0.00    0.00    0.00    0.00    0.00    0.00    0.00  100.00   IDLE
15:31:50     all    0.00    0.00    0.00    0.00    0.00    0.00    0.00    0.00    0.00  100.00   IDLE
15:31:51     all    0.02    0.00    0.06    0.00    0.00    0.00    0.00    0.00    0.00   99.92   IDLE
15:31:52     all    0.00    0.00    0.02    0.00    0.00    0.00    0.00    0.00    0.00   99.98   IDLE
15:31:53     all    0.00    0.00    0.00    0.00    0.00    0.00    0.00    0.00    0.00  100.00   IDLE
15:31:54     all    0.00    0.00    0.00    0.00    0.00    0.00    0.00    0.00    0.00  100.00   IDLE
15:31:55     all    0.00    0.00    0.01    0.01    0.00    0.00    0.00    0.00    0.00   99.98   IDLE
15:31:56     all    0.02    0.00    0.04    0.00    0.00    0.00    0.00    0.00    0.00   99.94   IDLE
15:31:57     all    0.00    0.00    0.00    0.00    0.00    0.00    0.00    0.00    0.00  100.00   IDLE
15:31:58     all    0.00    0.00    0.00    0.00    0.00    0.00    0.00    0.00    0.00  100.00   IDLE
15:31:59     all    0.01    0.00    0.00    0.00    0.00    0.00    0.00    0.00    0.00   99.99   IDLE